<?xml version="1.0" encoding="UTF-8"?>
<testsuite xmlns:xsi="http://www.w3.org/2001/XMLSchema-instance" xsi:noNamespaceSchemaLocation="https://maven.apache.org/surefire/maven-surefire-plugin/xsd/surefire-test-report-3.0.xsd" version="3.0" name="net.icestone.estore.UserServiceTest" time="1.265" tests="7" errors="0" skipped="0" failures="0">
  <properties>
[...]
</properties>
  <testcase name="testCreateUser_whenFirstnameIsEmpty_throwsIllegalException" classname="net.icestone.estore.UserServiceTest" time="0.955"/>
  <testcase name="testCreateUser_whenUserCreated_schedulesEmailConfirmation" classname="net.icestone.estore.UserServiceTest" time="0.229">
    <system-out><![CDATA[isUserCreated:true
scheduleEmailConfirmation
]]></system-out>
  </testcase>
  <testcase name="TestDemo" classname="net.icestone.estore.UserServiceTest" time="0.002">
    <system-out><![CDATA[do nothing
]]></system-out>
  </testcase>
  <testcase name="testCreateUser_whenEmailNotificationExceptionThrown_thrownsUserServiceException" classname="net.icestone.estore.UserServiceTest" time="0.008">
    <system-out><![CDATA[isUserCreated:true
]]></system-out>
  </testcase>
  <testcase name="testCreateUser_whenSaveMethodThrowsException_throwsUserServicetException" classname="net.icestone.estore.UserServiceTest" time="0.004"/>
  <testcase name="testCreateUser_whenLastNameIsEmpty_throwsIllegalArgumentException" classname="net.icestone.estore.UserServiceTest" time="0.002"/>
  <testcase name="testCreateUser_whenUserDetailsProvided_returnsUsersObject" classname="net.icestone.estore.UserServiceTest" time="0.007">
    <system-out><![CDATA[isUserCreated:true
]]></system-out>
  </testcase>
</testsuite>